<?xml version="1.0" encoding="UTF-8"?>
<!-- Generated by org.testng.reporters.JUnitReportReporter -->
<testsuite skipped="0" hostname="INBMWN153329" name="selenium.AppiumTest" tests="2" failures="0" timestamp="2021-12-23T23:00:03 IST" time="0.003" errors="0">
  <testcase name="E" time="0.000" classname="selenium.AppiumTest"/>
  <system-out/>
  <testcase name="F" time="0.003" classname="selenium.AppiumTest"/>
  <system-out/>
</testsuite> <!-- selenium.AppiumTest -->
