<?xml version="1.0" encoding="UTF-8"?>
<!-- Generated by org.testng.reporters.JUnitReportReporter -->
<testsuite skipped="0" hostname="INBMWN153329" name="selenium.SeleniumTest" tests="2" failures="0" timestamp="2021-12-23T23:00:03 IST" time="0.001" errors="0">
  <testcase name="A" time="0.001" classname="selenium.SeleniumTest"/>
  <system-out/>
  <testcase name="B" time="0.000" classname="selenium.SeleniumTest"/>
  <system-out/>
</testsuite> <!-- selenium.SeleniumTest -->
