<?xml version="1.0" encoding="UTF-8"?>
<!-- Generated by org.testng.reporters.JUnitReportReporter -->
<testsuite skipped="0" hostname="INBMWN153329" name="selenium.RESTAPITest" tests="2" failures="0" timestamp="2021-12-23T23:00:03 IST" time="0.005" errors="0">
  <testcase name="D" time="0.000" classname="selenium.RESTAPITest"/>
  <system-out/>
  <testcase name="C" time="0.005" classname="selenium.RESTAPITest"/>
  <system-out/>
</testsuite> <!-- selenium.RESTAPITest -->
